0 info it worked if it ends with ok
1 verbose cli [ 'C:\\Program Files\\nodejs\\node.exe',
1 verbose cli   'C:\\Program Files\\nodejs\\node_modules\\npm\\bin\\npm-cli.js',
1 verbose cli   'config',
1 verbose cli   'get',
1 verbose cli   'cache' ]
2 info using npm@3.10.10
3 info using node@v7.2.1
4 verbose exit [ 0, true ]
5 verbose stack Error: kill ENOSYS
5 verbose stack     at exports._errnoException (util.js:1022:11)
5 verbose stack     at process.kill (internal/process.js:173:13)
5 verbose stack     at process.listener (C:\Program Files\nodejs\node_modules\npm\node_modules\npmlog\node_modules\gauge\node_modules\signal-exit\index.js:86:15)
5 verbose stack     at emitNone (events.js:91:20)
5 verbose stack     at process.emit (events.js:185:7)
5 verbose stack     at processEmit (C:\Program Files\nodejs\node_modules\npm\node_modules\npmlog\node_modules\gauge\node_modules\signal-exit\index.js:146:32)
5 verbose stack     at processEmit (C:\Program Files\nodejs\node_modules\npm\node_modules\npm-registry-client\node_modules\npmlog\node_modules\gauge\node_modules\signal-exit\index.js:146:32)
5 verbose stack     at Signal.wrap.onsignal (internal/process.js:200:44)
6 verbose cwd E:\projects\eye_drops
7 error Windows_NT 10.0.14393
8 error argv "C:\\Program Files\\nodejs\\node.exe" "C:\\Program Files\\nodejs\\node_modules\\npm\\bin\\npm-cli.js" "config" "get" "cache"
9 error node v7.2.1
10 error npm  v3.10.10
11 error code ENOSYS
12 error errno ENOSYS
13 error syscall kill
14 error kill ENOSYS
15 error If you need help, you may report this error at:
15 error     <https://github.com/npm/npm/issues>
16 verbose exit [ 1, true ]
